<?xml version="1.0" encoding="UTF-8"?>
<!-- Generated by org.testng.reporters.JUnitReportReporter -->
<testsuite hostname="admin-PC" name="com.ebanking.master.Grid" tests="2" failures="0" timestamp="13 Nov 2018 06:43:52 GMT" time="52.566" errors="0">
  <testcase name="gd" time="18.014" classname="com.ebanking.master.Grid"/>
  <testcase name="gd" time="34.552" classname="com.ebanking.master.Grid"/>
</testsuite> <!-- com.ebanking.master.Grid -->
