<?xml version="1.0" encoding="UTF-8"?>
<!-- Generated by org.testng.reporters.JUnitReportReporter -->
<testsuite hostname="admin-PC" name="com.ebanking.master.RoleNg" tests="3" failures="0" timestamp="9 Nov 2018 05:43:31 GMT" time="46.906" errors="0">
  <testcase name="Rol" time="15.371" classname="com.ebanking.master.RoleNg"/>
  <testcase name="Rol" time="16.152" classname="com.ebanking.master.RoleNg"/>
  <testcase name="Rol" time="15.383" classname="com.ebanking.master.RoleNg"/>
</testsuite> <!-- com.ebanking.master.RoleNg -->
