<?xml version="1.0" encoding="UTF-8"?>
<!-- Generated by org.testng.reporters.JUnitReportReporter -->
<testsuite hostname="admin-PC" name="com.ebanking.master.Exepom" tests="1" failures="0" timestamp="9 Nov 2018 06:29:45 GMT" time="6.899" errors="0">
  <testcase name="pom" time="6.899" classname="com.ebanking.master.Exepom"/>
</testsuite> <!-- com.ebanking.master.Exepom -->
