<?xml version="1.0" encoding="UTF-8"?>
<!-- Generated by org.testng.reporters.JUnitReportReporter -->
<testsuite hostname="admin-PC" name="com.ebanking.master.GridWD" tests="2" failures="0" timestamp="16 Dec 2018 07:33:02 GMT" time="111.168" errors="1">
  <testcase name="gd" time="51.547" classname="com.ebanking.master.GridWD"/>
  <testcase name="gd" time="59.621" classname="com.ebanking.master.GridWD">
    <error type="org.openqa.selenium.WebDriverException" message="Unable to connect to host 127.0.0.1 on port 7055 after 45000 ms. Firefox console output:
,&quot;contributors&quot;:[&quot;Mozilla Contributors&quot;]},&quot;visible&quot;:true,&quot;active&quot;:true,&quot;userDisabled&quot;:false,&quot;appDisabled&quot;:false,&quot;descriptor&quot;:&quot;C:\\Program Files (x86)\\Mozilla Firefox\\browser\\extensions\\{972ce4c6-7e08-4474-a285-3208198ce6fd}.xpi&quot;,&quot;installDate&quot;:1539714462612,&quot;updateDate&quot;:1539714462612,&quot;applyBackgroundUpdates&quot;:1,&quot;skinnable&quot;:true,&quot;size&quot;:22012,&quot;sourceURI&quot;:null,&quot;releaseNotesURI&quot;:null,&quot;softDisabled&quot;:false,&quot;foreignInstall&quot;:false,&quot;hasBinaryComponents&quot;:false,&quot;strictCompatibility&quot;:true,&quot;locales&quot;:[],&quot;targetApplications&quot;:[{&quot;id&quot;:&quot;{ec8030f7-c20a-464f-9b0e-13a3a9e97384}&quot;,&quot;minVersion&quot;:&quot;47.0.2&quot;,&quot;maxVersion&quot;:&quot;47.0.2&quot;}],&quot;targetPlatforms&quot;:[],&quot;seen&quot;:true}
1544945541272	addons.xpi	DEBUG	getModTime: Recursive scan of {972ce4c6-7e08-4474-a285-3208198ce6fd}
1544945541274	DeferredSave.extensions.json	DEBUG	Save changes
1544945541274	addons.xpi	DEBUG	Updating database with changes to installed add-ons
1544945541274	addons.xpi-utils	DEBUG	Updating add-on states
1544945541276	addons.xpi-utils	DEBUG	Writing add-ons list
1544945541279	addons.xpi	DEBUG	Registering manifest for C:\Program Files (x86)\Mozilla Firefox\browser\features\e10srollout@mozilla.org.xpi
1544945541280	addons.xpi	DEBUG	Calling bootstrap method startup on e10srollout@mozilla.org version 1.0
1544945541280	addons.xpi	DEBUG	Registering manifest for C:\Program Files (x86)\Mozilla Firefox\browser\features\firefox@getpocket.com.xpi
1544945541281	addons.xpi	DEBUG	Calling bootstrap method startup on firefox@getpocket.com version 1.0.2
1544945541283	addons.xpi	DEBUG	Registering manifest for C:\Program Files (x86)\Mozilla Firefox\browser\features\loop@mozilla.org.xpi
1544945541284	addons.xpi	DEBUG	Calling bootstrap method startup on loop@mozilla.org version 1.3.2
1544945541328	addons.xpi	DEBUG	Registering manifest for C:\Program Files (x86)\Mozilla Firefox\browser\features\websensehelper@mozilla.org.xpi
1544945541329	addons.xpi	DEBUG	Calling bootstrap method startup on websensehelper@mozilla.org version 1.0
1544945541334	addons.manager	DEBUG	Registering shutdown blocker for XPIProvider
1544945541335	addons.manager	DEBUG	Provider finished startup: XPIProvider
1544945541335	addons.manager	DEBUG	Starting provider: LightweightThemeManager
1544945541335	addons.manager	DEBUG	Registering shutdown blocker for LightweightThemeManager
1544945541335	addons.manager	DEBUG	Provider finished startup: LightweightThemeManager
1544945541336	addons.manager	DEBUG	Starting provider: GMPProvider
1544945541356	addons.manager	DEBUG	Registering shutdown blocker for GMPProvider
1544945541356	addons.manager	DEBUG	Provider finished startup: GMPProvider
1544945541356	addons.manager	DEBUG	Starting provider: PluginProvider
1544945541357	addons.manager	DEBUG	Registering shutdown blocker for PluginProvider
1544945541362	addons.manager	DEBUG	Provider finished startup: PluginProvider
1544945541362	addons.manager	DEBUG	Completed startup sequence
1544945544486	addons.manager	DEBUG	Starting provider: &lt;unnamed-provider&gt;
1544945544486	addons.manager	DEBUG	Registering shutdown blocker for &lt;unnamed-provider&gt;
1544945544486	addons.manager	DEBUG	Provider finished startup: &lt;unnamed-provider&gt;
1544945561167	DeferredSave.extensions.json	DEBUG	Write succeeded
1544945561168	addons.xpi-utils	DEBUG	XPI Database saved, setting schema version preference to 17
1544945561169	DeferredSave.extensions.json	DEBUG	Starting timer
1544945561192	DeferredSave.extensions.json	DEBUG	Starting write
1544945561196	addons.repository	DEBUG	No addons.json found.
1544945561216	DeferredSave.addons.json	DEBUG	Save changes
1544945561275	DeferredSave.addons.json	DEBUG	Starting timer
1544945562386	addons.manager	DEBUG	Starting provider: PreviousExperimentProvider
1544945562386	addons.manager	DEBUG	Registering shutdown blocker for PreviousExperimentProvider
1544945562387	addons.manager	DEBUG	Provider finished startup: PreviousExperimentProvider
1544945562563	DeferredSave.addons.json	DEBUG	Starting write
1544945563453	DeferredSave.extensions.json	DEBUG	Write succeeded
1544945564794	DeferredSave.addons.json	DEBUG	Write succeeded

Command duration or timeout: 55.62 seconds
Build info: version: &#039;2.53.1&#039;, revision: &#039;a36b8b1&#039;, time: &#039;2016-06-30 17:37:03&#039;
System info: host: &#039;admin-PC&#039;, ip: &#039;192.168.1.182&#039;, os.name: &#039;Windows 7&#039;, os.arch: &#039;amd64&#039;, os.version: &#039;6.1&#039;, java.version: &#039;1.8.0_191&#039;
Driver info: org.openqa.selenium.remote.RemoteWebDriver">
      <![CDATA[org.openqa.selenium.WebDriverException: Unable to connect to host 127.0.0.1 on port 7055 after 45000 ms. Firefox console output:
,"contributors":["Mozilla Contributors"]},"visible":true,"active":true,"userDisabled":false,"appDisabled":false,"descriptor":"C:\\Program Files (x86)\\Mozilla Firefox\\browser\\extensions\\{972ce4c6-7e08-4474-a285-3208198ce6fd}.xpi","installDate":1539714462612,"updateDate":1539714462612,"applyBackgroundUpdates":1,"skinnable":true,"size":22012,"sourceURI":null,"releaseNotesURI":null,"softDisabled":false,"foreignInstall":false,"hasBinaryComponents":false,"strictCompatibility":true,"locales":[],"targetApplications":[{"id":"{ec8030f7-c20a-464f-9b0e-13a3a9e97384}","minVersion":"47.0.2","maxVersion":"47.0.2"}],"targetPlatforms":[],"seen":true}
1544945541272	addons.xpi	DEBUG	getModTime: Recursive scan of {972ce4c6-7e08-4474-a285-3208198ce6fd}
1544945541274	DeferredSave.extensions.json	DEBUG	Save changes
1544945541274	addons.xpi	DEBUG	Updating database with changes to installed add-ons
1544945541274	addons.xpi-utils	DEBUG	Updating add-on states
1544945541276	addons.xpi-utils	DEBUG	Writing add-ons list
1544945541279	addons.xpi	DEBUG	Registering manifest for C:\Program Files (x86)\Mozilla Firefox\browser\features\e10srollout@mozilla.org.xpi
1544945541280	addons.xpi	DEBUG	Calling bootstrap method startup on e10srollout@mozilla.org version 1.0
1544945541280	addons.xpi	DEBUG	Registering manifest for C:\Program Files (x86)\Mozilla Firefox\browser\features\firefox@getpocket.com.xpi
1544945541281	addons.xpi	DEBUG	Calling bootstrap method startup on firefox@getpocket.com version 1.0.2
1544945541283	addons.xpi	DEBUG	Registering manifest for C:\Program Files (x86)\Mozilla Firefox\browser\features\loop@mozilla.org.xpi
1544945541284	addons.xpi	DEBUG	Calling bootstrap method startup on loop@mozilla.org version 1.3.2
1544945541328	addons.xpi	DEBUG	Registering manifest for C:\Program Files (x86)\Mozilla Firefox\browser\features\websensehelper@mozilla.org.xpi
1544945541329	addons.xpi	DEBUG	Calling bootstrap method startup on websensehelper@mozilla.org version 1.0
1544945541334	addons.manager	DEBUG	Registering shutdown blocker for XPIProvider
1544945541335	addons.manager	DEBUG	Provider finished startup: XPIProvider
1544945541335	addons.manager	DEBUG	Starting provider: LightweightThemeManager
1544945541335	addons.manager	DEBUG	Registering shutdown blocker for LightweightThemeManager
1544945541335	addons.manager	DEBUG	Provider finished startup: LightweightThemeManager
1544945541336	addons.manager	DEBUG	Starting provider: GMPProvider
1544945541356	addons.manager	DEBUG	Registering shutdown blocker for GMPProvider
1544945541356	addons.manager	DEBUG	Provider finished startup: GMPProvider
1544945541356	addons.manager	DEBUG	Starting provider: PluginProvider
1544945541357	addons.manager	DEBUG	Registering shutdown blocker for PluginProvider
1544945541362	addons.manager	DEBUG	Provider finished startup: PluginProvider
1544945541362	addons.manager	DEBUG	Completed startup sequence
1544945544486	addons.manager	DEBUG	Starting provider: <unnamed-provider>
1544945544486	addons.manager	DEBUG	Registering shutdown blocker for <unnamed-provider>
1544945544486	addons.manager	DEBUG	Provider finished startup: <unnamed-provider>
1544945561167	DeferredSave.extensions.json	DEBUG	Write succeeded
1544945561168	addons.xpi-utils	DEBUG	XPI Database saved, setting schema version preference to 17
1544945561169	DeferredSave.extensions.json	DEBUG	Starting timer
1544945561192	DeferredSave.extensions.json	DEBUG	Starting write
1544945561196	addons.repository	DEBUG	No addons.json found.
1544945561216	DeferredSave.addons.json	DEBUG	Save changes
1544945561275	DeferredSave.addons.json	DEBUG	Starting timer
1544945562386	addons.manager	DEBUG	Starting provider: PreviousExperimentProvider
1544945562386	addons.manager	DEBUG	Registering shutdown blocker for PreviousExperimentProvider
1544945562387	addons.manager	DEBUG	Provider finished startup: PreviousExperimentProvider
1544945562563	DeferredSave.addons.json	DEBUG	Starting write
1544945563453	DeferredSave.extensions.json	DEBUG	Write succeeded
1544945564794	DeferredSave.addons.json	DEBUG	Write succeeded

Command duration or timeout: 55.62 seconds
Build info: version: '2.53.1', revision: 'a36b8b1', time: '2016-06-30 17:37:03'
System info: host: 'admin-PC', ip: '192.168.1.182', os.name: 'Windows 7', os.arch: 'amd64', os.version: '6.1', java.version: '1.8.0_191'
Driver info: org.openqa.selenium.remote.RemoteWebDriver
	at sun.reflect.NativeConstructorAccessorImpl.newInstance0(Native Method)
	at sun.reflect.NativeConstructorAccessorImpl.newInstance(Unknown Source)
	at sun.reflect.DelegatingConstructorAccessorImpl.newInstance(Unknown Source)
	at java.lang.reflect.Constructor.newInstance(Unknown Source)
	at org.openqa.selenium.remote.ErrorHandler.createThrowable(ErrorHandler.java:206)
	at org.openqa.selenium.remote.ErrorHandler.throwIfResponseFailed(ErrorHandler.java:158)
	at org.openqa.selenium.remote.RemoteWebDriver.execute(RemoteWebDriver.java:678)
	at org.openqa.selenium.remote.RemoteWebDriver.startSession(RemoteWebDriver.java:249)
	at org.openqa.selenium.remote.RemoteWebDriver.<init>(RemoteWebDriver.java:131)
	at org.openqa.selenium.remote.RemoteWebDriver.<init>(RemoteWebDriver.java:158)
	at com.ebanking.master.GridWD.gd(GridWD.java:36)
	at sun.reflect.NativeMethodAccessorImpl.invoke0(Native Method)
	at sun.reflect.NativeMethodAccessorImpl.invoke(Unknown Source)
	at sun.reflect.DelegatingMethodAccessorImpl.invoke(Unknown Source)
	at java.lang.reflect.Method.invoke(Unknown Source)
	at org.testng.internal.MethodInvocationHelper.invokeMethod(MethodInvocationHelper.java:85)
	at org.testng.internal.Invoker.invokeMethod(Invoker.java:639)
	at org.testng.internal.Invoker.invokeTestMethod(Invoker.java:816)
	at org.testng.internal.Invoker.invokeTestMethods(Invoker.java:1124)
	at org.testng.internal.TestMethodWorker.invokeTestMethods(TestMethodWorker.java:125)
	at org.testng.internal.TestMethodWorker.run(TestMethodWorker.java:108)
	at org.testng.TestRunner.privateRun(TestRunner.java:774)
	at org.testng.TestRunner.run(TestRunner.java:624)
	at org.testng.SuiteRunner.runTest(SuiteRunner.java:359)
	at org.testng.SuiteRunner.access$000(SuiteRunner.java:39)
	at org.testng.SuiteRunner$SuiteWorker.run(SuiteRunner.java:393)
	at org.testng.internal.thread.ThreadUtil$2.call(ThreadUtil.java:64)
	at java.util.concurrent.FutureTask.run(Unknown Source)
	at java.util.concurrent.ThreadPoolExecutor.runWorker(Unknown Source)
	at java.util.concurrent.ThreadPoolExecutor$Worker.run(Unknown Source)
	at java.lang.Thread.run(Unknown Source)
Caused by: org.openqa.selenium.remote.ErrorHandler$UnknownServerException: Unable to connect to host 127.0.0.1 on port 7055 after 45000 ms. Firefox console output:
,"contributors":["Mozilla Contributors"]},"visible":true,"active":true,"userDisabled":false,"appDisabled":false,"descriptor":"C:\\Program Files (x86)\\Mozilla Firefox\\browser\\extensions\\{972ce4c6-7e08-4474-a285-3208198ce6fd}.xpi","installDate":1539714462612,"updateDate":1539714462612,"applyBackgroundUpdates":1,"skinnable":true,"size":22012,"sourceURI":null,"releaseNotesURI":null,"softDisabled":false,"foreignInstall":false,"hasBinaryComponents":false,"strictCompatibility":true,"locales":[],"targetApplications":[{"id":"{ec8030f7-c20a-464f-9b0e-13a3a9e97384}","minVersion":"47.0.2","maxVersion":"47.0.2"}],"targetPlatforms":[],"seen":true}
1544945541272	addons.xpi	DEBUG	getModTime: Recursive scan of {972ce4c6-7e08-4474-a285-3208198ce6fd}
1544945541274	DeferredSave.extensions.json	DEBUG	Save changes
1544945541274	addons.xpi	DEBUG	Updating database with changes to installed add-ons
1544945541274	addons.xpi-utils	DEBUG	Updating add-on states
1544945541276	addons.xpi-utils	DEBUG	Writing add-ons list
1544945541279	addons.xpi	DEBUG	Registering manifest for C:\Program Files (x86)\Mozilla Firefox\browser\features\e10srollout@mozilla.org.xpi
1544945541280	addons.xpi	DEBUG	Calling bootstrap method startup on e10srollout@mozilla.org version 1.0
1544945541280	addons.xpi	DEBUG	Registering manifest for C:\Program Files (x86)\Mozilla Firefox\browser\features\firefox@getpocket.com.xpi
1544945541281	addons.xpi	DEBUG	Calling bootstrap method startup on firefox@getpocket.com version 1.0.2
1544945541283	addons.xpi	DEBUG	Registering manifest for C:\Program Files (x86)\Mozilla Firefox\browser\features\loop@mozilla.org.xpi
1544945541284	addons.xpi	DEBUG	Calling bootstrap method startup on loop@mozilla.org version 1.3.2
1544945541328	addons.xpi	DEBUG	Registering manifest for C:\Program Files (x86)\Mozilla Firefox\browser\features\websensehelper@mozilla.org.xpi
1544945541329	addons.xpi	DEBUG	Calling bootstrap method startup on websensehelper@mozilla.org version 1.0
1544945541334	addons.manager	DEBUG	Registering shutdown blocker for XPIProvider
1544945541335	addons.manager	DEBUG	Provider finished startup: XPIProvider
1544945541335	addons.manager	DEBUG	Starting provider: LightweightThemeManager
1544945541335	addons.manager	DEBUG	Registering shutdown blocker for LightweightThemeManager
1544945541335	addons.manager	DEBUG	Provider finished startup: LightweightThemeManager
1544945541336	addons.manager	DEBUG	Starting provider: GMPProvider
1544945541356	addons.manager	DEBUG	Registering shutdown blocker for GMPProvider
1544945541356	addons.manager	DEBUG	Provider finished startup: GMPProvider
1544945541356	addons.manager	DEBUG	Starting provider: PluginProvider
1544945541357	addons.manager	DEBUG	Registering shutdown blocker for PluginProvider
1544945541362	addons.manager	DEBUG	Provider finished startup: PluginProvider
1544945541362	addons.manager	DEBUG	Completed startup sequence
1544945544486	addons.manager	DEBUG	Starting provider: <unnamed-provider>
1544945544486	addons.manager	DEBUG	Registering shutdown blocker for <unnamed-provider>
1544945544486	addons.manager	DEBUG	Provider finished startup: <unnamed-provider>
1544945561167	DeferredSave.extensions.json	DEBUG	Write succeeded
1544945561168	addons.xpi-utils	DEBUG	XPI Database saved, setting schema version preference to 17
1544945561169	DeferredSave.extensions.json	DEBUG	Starting timer
1544945561192	DeferredSave.extensions.json	DEBUG	Starting write
1544945561196	addons.repository	DEBUG	No addons.json found.
1544945561216	DeferredSave.addons.json	DEBUG	Save changes
1544945561275	DeferredSave.addons.json	DEBUG	Starting timer
1544945562386	addons.manager	DEBUG	Starting provider: PreviousExperimentProvider
1544945562386	addons.manager	DEBUG	Registering shutdown blocker for PreviousExperimentProvider
1544945562387	addons.manager	DEBUG	Provider finished startup: PreviousExperimentProvider
1544945562563	DeferredSave.addons.json	DEBUG	Starting write
1544945563453	DeferredSave.extensions.json	DEBUG	Write succeeded
1544945564794	DeferredSave.addons.json	DEBUG	Write succeeded

Build info: version: '2.53.1', revision: 'a36b8b1', time: '2016-06-30 17:37:03'
System info: host: 'admin-PC', ip: '192.168.1.182', os.name: 'Windows 7', os.arch: 'amd64', os.version: '6.1', java.version: '1.8.0_191'
Driver info: driver.version: FirefoxDriver
	at org.openqa.selenium.firefox.internal.NewProfileExtensionConnection.start(NewProfileExtensionConnection.java:112)
	at org.openqa.selenium.firefox.FirefoxDriver.startClient(FirefoxDriver.java:271)
	at org.openqa.selenium.remote.RemoteWebDriver.<init>(RemoteWebDriver.java:119)
	at org.openqa.selenium.firefox.FirefoxDriver.<init>(FirefoxDriver.java:218)
	at org.openqa.selenium.firefox.FirefoxDriver.<init>(FirefoxDriver.java:211)
	at org.openqa.selenium.firefox.FirefoxDriver.<init>(FirefoxDriver.java:129)
	at sun.reflect.NativeConstructorAccessorImpl.newInstance0(Native Method)
	at sun.reflect.NativeConstructorAccessorImpl.newInstance(Unknown Source)
	at sun.reflect.DelegatingConstructorAccessorImpl.newInstance(Unknown Source)
	at java.lang.reflect.Constructor.newInstance(Unknown Source)
	at org.openqa.selenium.remote.server.FirefoxDriverProvider.callConstructor(FirefoxDriverProvider.java:91)
	at org.openqa.selenium.remote.server.FirefoxDriverProvider.newInstance(FirefoxDriverProvider.java:68)
	at org.openqa.selenium.remote.server.DefaultDriverFactory.newInstance(DefaultDriverFactory.java:60)
	at org.openqa.selenium.remote.server.DefaultSession$BrowserCreator.call(DefaultSession.java:222)
	at org.openqa.selenium.remote.server.DefaultSession$BrowserCreator.call(DefaultSession.java:1)
	at java.util.concurrent.FutureTask.run(Unknown Source)
	at org.openqa.selenium.remote.server.DefaultSession$1.run(DefaultSession.java:176)
	... 3 more
]]>
    </error>
  </testcase> <!-- gd -->
</testsuite> <!-- com.ebanking.master.GridWD -->
