<?xml version="1.0" encoding="UTF-8"?>
<!-- Generated by org.testng.reporters.JUnitReportReporter -->
<testsuite hostname="admin-PC" name="com.ebanking.master.BranchNG" tests="1" failures="0" timestamp="9 Nov 2018 05:43:31 GMT" time="22.425" errors="0">
  <testcase name="Br" time="22.425" classname="com.ebanking.master.BranchNG"/>
</testsuite> <!-- com.ebanking.master.BranchNG -->
