<?xml version="1.0" encoding="UTF-8"?>
<!-- Generated by org.testng.reporters.JUnitReportReporter -->
<testsuite hostname="admin-PC" name="com.ebanking.master.Grids" tests="2" failures="0" timestamp="28 Dec 2018 11:22:31 GMT" time="88.036" errors="0">
  <testcase name="grid" time="31.156" classname="com.ebanking.master.Grids"/>
  <testcase name="grid" time="56.880" classname="com.ebanking.master.Grids"/>
</testsuite> <!-- com.ebanking.master.Grids -->
